[2024-05-23 08:11:33] [INFO ] [ProductoServiceImpl:50] Listando todos los productos.
[2024-05-23 08:11:33] [INFO ] [CategoriaServiceImpl:36] Listando todas las categorías.
[2024-05-23 08:12:00] [INFO ] [CategoriaServiceImpl:27] Categoría guardado con éxito.
[2024-05-23 08:12:08] [INFO ] [CategoriaServiceImpl:36] Listando todas las categorías.
[2024-05-23 08:12:10] [INFO ] [ProductoServiceImpl:50] Listando todos los productos.
[2024-05-23 08:12:25] [INFO ] [CategoriaServiceImpl:27] Categoría guardado con éxito.
[2024-05-23 08:12:48] [INFO ] [ProductoServiceImpl:41] Producto guardado con exito.
[2024-05-23 08:12:49] [INFO ] [ProductoServiceImpl:50] Listando todos los productos.
[2024-05-23 08:12:55] [INFO ] [ProductoServiceImpl:50] Listando todos los productos.
[2024-05-23 08:12:56] [INFO ] [ProductoServiceImpl:57] Buscando Producto con el ID: 1
[2024-05-23 08:12:56] [INFO ] [ProductoServiceImpl:62] Producto encontrado.
[2024-05-23 08:12:56] [INFO ] [CategoriaServiceImpl:36] Listando todas las categorías.
[2024-05-23 08:13:01] [INFO ] [CategoriaServiceImpl:36] Listando todas las categorías.
[2024-05-23 08:13:14] [INFO ] [ProductoServiceImpl:50] Listando todos los productos.
[2024-05-23 08:13:31] [INFO ] [CategoriaServiceImpl:27] Categoría guardado con éxito.
[2024-05-23 08:13:39] [INFO ] [ProductoServiceImpl:50] Listando todos los productos.
[2024-05-23 08:13:43] [INFO ] [CategoriaServiceImpl:36] Listando todas las categorías.
[2024-05-23 08:14:26] [INFO ] [CategoriaServiceImpl:27] Categoría guardado con éxito.
[2024-05-23 08:14:31] [INFO ] [CategoriaServiceImpl:36] Listando todas las categorías.
[2024-05-23 08:14:31] [INFO ] [ProductoServiceImpl:50] Listando todos los productos.
[2024-05-23 08:14:41] [INFO ] [ProductoServiceImpl:50] Listando todos los productos.
[2024-05-23 08:14:42] [INFO ] [ProductoServiceImpl:57] Buscando Producto con el ID: 1
[2024-05-23 08:14:42] [INFO ] [ProductoServiceImpl:62] Producto encontrado.
[2024-05-23 08:14:42] [INFO ] [CategoriaServiceImpl:36] Listando todas las categorías.
[2024-05-23 08:14:49] [INFO ] [CategoriaServiceImpl:36] Listando todas las categorías.
[2024-05-23 08:15:06] [INFO ] [ProductoServiceImpl:41] Producto guardado con exito.
[2024-05-23 08:15:17] [INFO ] [ProductoServiceImpl:41] Producto guardado con exito.
[2024-05-23 08:15:20] [INFO ] [CategoriaServiceImpl:36] Listando todas las categorías.
[2024-05-23 08:15:20] [INFO ] [ProductoServiceImpl:50] Listando todos los productos.
[2024-05-23 08:15:23] [INFO ] [ProductoServiceImpl:50] Listando todos los productos.
[2024-05-23 08:15:26] [INFO ] [CategoriaServiceImpl:36] Listando todas las categorías.
[2024-05-23 08:15:26] [INFO ] [ProductoServiceImpl:50] Listando todos los productos.
[2024-05-23 08:15:28] [INFO ] [CategoriaServiceImpl:36] Listando todas las categorías.
[2024-05-23 08:15:28] [INFO ] [ProductoServiceImpl:50] Listando todos los productos.
[2024-05-23 08:15:29] [INFO ] [CategoriaServiceImpl:36] Listando todas las categorías.
[2024-05-23 08:15:29] [INFO ] [ProductoServiceImpl:50] Listando todos los productos.
[2024-05-23 08:15:30] [INFO ] [CategoriaServiceImpl:36] Listando todas las categorías.
[2024-05-23 08:15:30] [INFO ] [ProductoServiceImpl:50] Listando todos los productos.
[2024-05-23 08:15:31] [INFO ] [CategoriaServiceImpl:36] Listando todas las categorías.
[2024-05-23 08:15:31] [INFO ] [ProductoServiceImpl:50] Listando todos los productos.
[2024-05-23 08:15:33] [INFO ] [ProductoServiceImpl:50] Listando todos los productos.
[2024-05-23 08:15:34] [INFO ] [CategoriaServiceImpl:36] Listando todas las categorías.
[2024-05-23 08:15:34] [INFO ] [ProductoServiceImpl:50] Listando todos los productos.
[2024-05-23 08:15:35] [INFO ] [CategoriaServiceImpl:36] Listando todas las categorías.
[2024-05-23 08:15:35] [INFO ] [ProductoServiceImpl:50] Listando todos los productos.
[2024-05-23 08:15:36] [INFO ] [CategoriaServiceImpl:36] Listando todas las categorías.
[2024-05-23 08:15:36] [INFO ] [ProductoServiceImpl:50] Listando todos los productos.
[2024-05-23 08:15:36] [INFO ] [CategoriaServiceImpl:36] Listando todas las categorías.
[2024-05-23 08:15:36] [INFO ] [ProductoServiceImpl:50] Listando todos los productos.
[2024-05-23 08:15:36] [INFO ] [CategoriaServiceImpl:36] Listando todas las categorías.
[2024-05-23 08:15:36] [INFO ] [ProductoServiceImpl:50] Listando todos los productos.
[2024-05-23 08:15:36] [INFO ] [CategoriaServiceImpl:36] Listando todas las categorías.
[2024-05-23 08:15:36] [INFO ] [ProductoServiceImpl:50] Listando todos los productos.
[2024-05-23 08:15:36] [INFO ] [CategoriaServiceImpl:36] Listando todas las categorías.
[2024-05-23 08:15:37] [INFO ] [ProductoServiceImpl:50] Listando todos los productos.
[2024-05-23 08:15:37] [INFO ] [CategoriaServiceImpl:36] Listando todas las categorías.
[2024-05-23 08:15:37] [INFO ] [ProductoServiceImpl:50] Listando todos los productos.
[2024-05-23 08:19:09] [INFO ] [ProductoServiceImpl:50] Listando todos los productos.
[2024-05-23 08:19:10] [INFO ] [CategoriaServiceImpl:36] Listando todas las categorías.
[2024-05-23 08:19:25] [ERROR] [CategoriaServiceImpl:29] org.springframework.dao.InvalidDataAccessResourceUsageException: could not execute statement [Table 'cancheros.categoria' doesn't exist] [insert into categoria (descripcion,nombre,precio) values (?,?,?)]; SQL [insert into categoria (descripcion,nombre,precio) values (?,?,?)]
[2024-05-23 08:23:29] [INFO ] [CategoriaServiceImpl:36] Listando todas las categorías.
[2024-05-23 08:23:29] [INFO ] [ProductoServiceImpl:50] Listando todos los productos.
[2024-05-23 08:23:54] [INFO ] [CategoriaServiceImpl:27] Categoría guardado con éxito.
[2024-05-23 08:24:01] [INFO ] [CategoriaServiceImpl:27] Categoría guardado con éxito.
[2024-05-23 08:24:11] [INFO ] [CategoriaServiceImpl:27] Categoría guardado con éxito.
[2024-05-23 08:24:16] [INFO ] [CategoriaServiceImpl:36] Listando todas las categorías.
[2024-05-23 08:24:19] [INFO ] [ProductoServiceImpl:50] Listando todos los productos.
[2024-05-23 08:24:32] [INFO ] [ProductoServiceImpl:41] Producto guardado con exito.
[2024-05-23 08:24:35] [INFO ] [ProductoServiceImpl:50] Listando todos los productos.
[2024-05-23 08:25:47] [INFO ] [ProductoServiceImpl:50] Listando todos los productos.
[2024-05-23 08:25:49] [INFO ] [ProductoServiceImpl:57] Buscando Producto con el ID: 1
[2024-05-23 08:25:49] [INFO ] [ProductoServiceImpl:62] Producto encontrado.
[2024-05-23 08:25:49] [INFO ] [CategoriaServiceImpl:36] Listando todas las categorías.
[2024-05-23 08:25:57] [INFO ] [CategoriaServiceImpl:36] Listando todas las categorías.
[2024-05-23 08:26:25] [INFO ] [ProductoServiceImpl:41] Producto guardado con exito.
[2024-05-23 08:26:37] [INFO ] [ProductoServiceImpl:41] Producto guardado con exito.
[2024-05-23 08:26:50] [INFO ] [ProductoServiceImpl:41] Producto guardado con exito.
[2024-05-23 08:27:02] [INFO ] [ProductoServiceImpl:41] Producto guardado con exito.
[2024-05-23 08:27:08] [INFO ] [CategoriaServiceImpl:36] Listando todas las categorías.
[2024-05-23 08:27:08] [INFO ] [ProductoServiceImpl:50] Listando todos los productos.
[2024-05-23 08:27:17] [INFO ] [CategoriaServiceImpl:36] Listando todas las categorías.
[2024-05-23 08:27:17] [INFO ] [ProductoServiceImpl:50] Listando todos los productos.
[2024-05-23 08:32:39] [INFO ] [CategoriaServiceImpl:36] Listando todas las categorías.
[2024-05-23 08:32:41] [INFO ] [ProductoServiceImpl:50] Listando todos los productos.
[2024-05-23 08:39:48] [INFO ] [ProductoServiceImpl:50] Listando todos los productos.
[2024-05-23 08:39:55] [INFO ] [CategoriaServiceImpl:36] Listando todas las categorías.
[2024-05-23 08:39:55] [INFO ] [ProductoServiceImpl:50] Listando todos los productos.
[2024-05-23 08:39:57] [INFO ] [CategoriaServiceImpl:36] Listando todas las categorías.
[2024-05-23 08:39:57] [INFO ] [ProductoServiceImpl:50] Listando todos los productos.
[2024-05-23 08:40:10] [INFO ] [CategoriaServiceImpl:36] Listando todas las categorías.
[2024-05-23 08:40:10] [INFO ] [ProductoServiceImpl:50] Listando todos los productos.
[2024-05-23 08:40:32] [INFO ] [CategoriaServiceImpl:36] Listando todas las categorías.
[2024-05-23 08:40:32] [INFO ] [ProductoServiceImpl:50] Listando todos los productos.
[2024-05-23 08:43:21] [INFO ] [CategoriaServiceImpl:36] Listando todas las categorías.
[2024-05-23 08:43:21] [INFO ] [ProductoServiceImpl:50] Listando todos los productos.
[2024-05-23 08:43:22] [INFO ] [CategoriaServiceImpl:36] Listando todas las categorías.
[2024-05-23 08:43:22] [INFO ] [ProductoServiceImpl:50] Listando todos los productos.
[2024-05-23 08:43:41] [INFO ] [CategoriaServiceImpl:36] Listando todas las categorías.
[2024-05-23 08:43:41] [INFO ] [ProductoServiceImpl:50] Listando todos los productos.
[2024-05-23 08:43:47] [INFO ] [CategoriaServiceImpl:36] Listando todas las categorías.
[2024-05-23 08:43:47] [INFO ] [ProductoServiceImpl:50] Listando todos los productos.
[2024-05-23 08:45:24] [INFO ] [CategoriaServiceImpl:36] Listando todas las categorías.
[2024-05-23 08:45:24] [INFO ] [ProductoServiceImpl:50] Listando todos los productos.
[2024-05-23 08:45:26] [INFO ] [CategoriaServiceImpl:36] Listando todas las categorías.
[2024-05-23 08:45:26] [INFO ] [ProductoServiceImpl:50] Listando todos los productos.
[2024-05-23 08:56:23] [INFO ] [CategoriaServiceImpl:36] Listando todas las categorías.
[2024-05-23 08:56:23] [INFO ] [ProductoServiceImpl:50] Listando todos los productos.
[2024-05-23 08:56:25] [INFO ] [CategoriaServiceImpl:36] Listando todas las categorías.
[2024-05-23 08:56:25] [INFO ] [ProductoServiceImpl:50] Listando todos los productos.
[2024-05-23 08:57:28] [INFO ] [CategoriaServiceImpl:36] Listando todas las categorías.
[2024-05-23 08:57:28] [INFO ] [ProductoServiceImpl:50] Listando todos los productos.
[2024-05-23 08:57:29] [INFO ] [CategoriaServiceImpl:36] Listando todas las categorías.
[2024-05-23 08:57:29] [INFO ] [ProductoServiceImpl:50] Listando todos los productos.
[2024-05-23 08:58:49] [INFO ] [CategoriaServiceImpl:36] Listando todas las categorías.
[2024-05-23 08:58:49] [INFO ] [ProductoServiceImpl:50] Listando todos los productos.
[2024-05-23 08:58:50] [INFO ] [CategoriaServiceImpl:36] Listando todas las categorías.
[2024-05-23 08:58:50] [INFO ] [ProductoServiceImpl:50] Listando todos los productos.
[2024-05-23 08:58:58] [INFO ] [CategoriaServiceImpl:36] Listando todas las categorías.
[2024-05-23 08:58:58] [INFO ] [ProductoServiceImpl:50] Listando todos los productos.
[2024-05-23 09:01:04] [INFO ] [CategoriaServiceImpl:36] Listando todas las categorías.
[2024-05-23 09:01:04] [INFO ] [ProductoServiceImpl:50] Listando todos los productos.
[2024-05-23 09:01:05] [INFO ] [CategoriaServiceImpl:36] Listando todas las categorías.
[2024-05-23 09:01:05] [INFO ] [ProductoServiceImpl:50] Listando todos los productos.
[2024-05-23 09:01:10] [INFO ] [CategoriaServiceImpl:36] Listando todas las categorías.
[2024-05-23 09:01:10] [INFO ] [ProductoServiceImpl:50] Listando todos los productos.
[2024-05-23 09:01:13] [INFO ] [CategoriaServiceImpl:36] Listando todas las categorías.
[2024-05-23 09:01:13] [INFO ] [ProductoServiceImpl:50] Listando todos los productos.
[2024-05-23 09:01:18] [INFO ] [ProductoServiceImpl:50] Listando todos los productos.
[2024-05-23 09:01:21] [INFO ] [CategoriaServiceImpl:36] Listando todas las categorías.
[2024-05-23 09:01:21] [INFO ] [ProductoServiceImpl:50] Listando todos los productos.
[2024-05-23 09:01:26] [INFO ] [ProductoServiceImpl:50] Listando todos los productos.
[2024-05-23 09:01:32] [INFO ] [CategoriaServiceImpl:36] Listando todas las categorías.
[2024-05-23 09:01:32] [INFO ] [ProductoServiceImpl:50] Listando todos los productos.
[2024-05-23 09:01:34] [INFO ] [CategoriaServiceImpl:36] Listando todas las categorías.
[2024-05-23 09:01:34] [INFO ] [ProductoServiceImpl:50] Listando todos los productos.
[2024-05-23 09:01:35] [INFO ] [CategoriaServiceImpl:36] Listando todas las categorías.
[2024-05-23 09:01:35] [INFO ] [ProductoServiceImpl:50] Listando todos los productos.
[2024-05-23 09:01:37] [INFO ] [ProductoServiceImpl:50] Listando todos los productos.
[2024-05-23 09:02:00] [INFO ] [CategoriaServiceImpl:36] Listando todas las categorías.
[2024-05-23 09:02:00] [INFO ] [ProductoServiceImpl:50] Listando todos los productos.
[2024-05-23 09:02:02] [INFO ] [CategoriaServiceImpl:36] Listando todas las categorías.
[2024-05-23 09:02:02] [INFO ] [ProductoServiceImpl:50] Listando todos los productos.
[2024-05-23 09:02:03] [INFO ] [CategoriaServiceImpl:36] Listando todas las categorías.
[2024-05-23 09:02:03] [INFO ] [ProductoServiceImpl:50] Listando todos los productos.
[2024-05-23 09:02:05] [INFO ] [CategoriaServiceImpl:36] Listando todas las categorías.
[2024-05-23 09:02:05] [INFO ] [ProductoServiceImpl:50] Listando todos los productos.
[2024-05-23 09:02:06] [INFO ] [ProductoServiceImpl:50] Listando todos los productos.
[2024-05-23 09:02:08] [INFO ] [CategoriaServiceImpl:36] Listando todas las categorías.
[2024-05-23 09:02:08] [INFO ] [ProductoServiceImpl:50] Listando todos los productos.
[2024-05-23 09:02:11] [INFO ] [CategoriaServiceImpl:36] Listando todas las categorías.
[2024-05-23 09:02:11] [INFO ] [ProductoServiceImpl:50] Listando todos los productos.
[2024-05-23 09:02:12] [INFO ] [CategoriaServiceImpl:36] Listando todas las categorías.
[2024-05-23 09:02:12] [INFO ] [ProductoServiceImpl:50] Listando todos los productos.
[2024-05-23 09:02:14] [INFO ] [CategoriaServiceImpl:36] Listando todas las categorías.
[2024-05-23 09:02:14] [INFO ] [ProductoServiceImpl:50] Listando todos los productos.
[2024-05-23 09:02:15] [INFO ] [CategoriaServiceImpl:36] Listando todas las categorías.
[2024-05-23 09:02:15] [INFO ] [ProductoServiceImpl:50] Listando todos los productos.
[2024-05-23 09:02:16] [INFO ] [ProductoServiceImpl:50] Listando todos los productos.
[2024-05-23 09:03:03] [INFO ] [CategoriaServiceImpl:36] Listando todas las categorías.
[2024-05-23 09:03:03] [INFO ] [ProductoServiceImpl:50] Listando todos los productos.
[2024-05-23 09:03:05] [INFO ] [CategoriaServiceImpl:36] Listando todas las categorías.
[2024-05-23 09:03:05] [INFO ] [ProductoServiceImpl:50] Listando todos los productos.
[2024-05-23 09:03:07] [INFO ] [CategoriaServiceImpl:36] Listando todas las categorías.
[2024-05-23 09:03:07] [INFO ] [ProductoServiceImpl:50] Listando todos los productos.
[2024-05-23 09:03:10] [INFO ] [ProductoServiceImpl:50] Listando todos los productos.
[2024-05-23 09:04:44] [INFO ] [ProductoServiceImpl:50] Listando todos los productos.
[2024-05-23 09:04:45] [INFO ] [CategoriaServiceImpl:36] Listando todas las categorías.
[2024-05-23 09:11:07] [INFO ] [ProductoServiceImpl:50] Listando todos los productos.
[2024-05-23 09:11:08] [INFO ] [CategoriaServiceImpl:36] Listando todas las categorías.
[2024-05-23 09:11:08] [INFO ] [ProductoServiceImpl:50] Listando todos los productos.
[2024-05-23 09:11:09] [INFO ] [CategoriaServiceImpl:36] Listando todas las categorías.
[2024-05-23 09:11:09] [INFO ] [ProductoServiceImpl:50] Listando todos los productos.
[2024-05-23 09:11:11] [INFO ] [CategoriaServiceImpl:36] Listando todas las categorías.
[2024-05-23 09:11:11] [INFO ] [ProductoServiceImpl:50] Listando todos los productos.
[2024-05-23 09:11:13] [INFO ] [ProductoServiceImpl:50] Listando todos los productos.
